<?xml version="1.0" encoding="UTF-8"?>
<!-- Generated by org.testng.reporters.JUnitReportReporter -->
<testsuite hostname="USBLRAMIDDHA1" failures="0" tests="1" name="Firsttestngpackage.Firsttestngfile" time="9.774" errors="0" timestamp="16 Mar 2018 11:56:03 GMT" skipped="0">
  <testcase classname="Firsttestngpackage.Firsttestngfile" name="f" time="9.774"/>
</testsuite> <!-- Firsttestngpackage.Firsttestngfile -->
